2023-09-03 14:48:17,289.defensive_math.INFO ==================================================
2023-09-03 14:48:17,292.defensive_math.INFO Today is 2023-09-03 at 02:48 PM
2023-09-03 14:48:17,390.defensive_math.INFO Running on: nt Windows 10
2023-09-03 14:48:17,395.defensive_math.INFO Python version:  3.11.2
2023-09-03 14:48:17,396.defensive_math.INFO Python path: C:\Python311
2023-09-03 14:48:17,397.defensive_math.INFO Working dir: C:\Users\reedb\Documents\NW University\datafun-02-functions
2023-09-03 14:48:17,398.defensive_math.INFO ==================================================
2023-09-03 14:48:17,399.defensive_math.INFO Explore some functions in the math module
2023-09-03 14:48:17,399.defensive_math.INFO math.comb(5,1) = 5
2023-09-03 14:48:17,400.defensive_math.INFO math.perm(5,1) = 5
2023-09-03 14:48:17,402.defensive_math.INFO math.comb(5,3) = 10
2023-09-03 14:48:17,403.defensive_math.INFO math.perm(5,3) = 60
2023-09-03 14:48:17,404.defensive_math.INFO math.pi = 3.141592653589793
2023-09-03 14:48:17,404.defensive_math.INFO math.degrees(2 * math.pi) = 360.0
2023-09-03 14:48:17,405.defensive_math.INFO math.radians(180)         = 3.141592653589793
2023-09-03 14:48:17,405.defensive_math.INFO 
2023-09-03 14:48:17,406.defensive_math.INFO TRY: Call get_circle_area_given_radius() function with a different values.
2023-09-03 14:48:17,407.defensive_math.INFO CALLING get_circle_area(100)
2023-09-03 14:48:17,407.defensive_math.INFO The circle area is 628.3185307179587
2023-09-03 14:48:17,408.defensive_math.INFO CALLING get_circle_area(-16)
2023-09-03 14:48:17,409.defensive_math.INFO The circle area is -100.53096491487338
2023-09-03 14:48:17,409.defensive_math.INFO CALLING get_circle_area(inf)
2023-09-03 14:48:17,410.defensive_math.INFO The circle area is inf
2023-09-03 14:48:17,411.defensive_math.INFO CALLING get_circle_area(five)
2023-09-03 14:48:17,412.defensive_math.ERROR Error: can't multiply sequence by non-int of type 'float'
2023-09-03 14:48:17,413.defensive_math.INFO 
2023-09-03 14:48:17,413.defensive_math.INFO TRY: Call get_circle_areas_given_list() function with a list of GOOD values
2023-09-03 14:48:17,414.defensive_math.INFO CALLING get_circle_area([5, 10, 25, 30, 45, 50])
2023-09-03 14:48:17,415.defensive_math.INFO CALLING get_circle_area(5)
2023-09-03 14:48:17,416.defensive_math.INFO The circle area is 31.41592653589793
2023-09-03 14:48:17,416.defensive_math.INFO r = 5, area=31.41592653589793
2023-09-03 14:48:17,417.defensive_math.INFO CALLING get_circle_area(10)
2023-09-03 14:48:17,418.defensive_math.INFO The circle area is 62.83185307179586
2023-09-03 14:48:17,418.defensive_math.INFO r = 10, area=62.83185307179586
2023-09-03 14:48:17,419.defensive_math.INFO CALLING get_circle_area(25)
2023-09-03 14:48:17,419.defensive_math.INFO The circle area is 157.07963267948966
2023-09-03 14:48:17,420.defensive_math.INFO r = 25, area=157.07963267948966
2023-09-03 14:48:17,420.defensive_math.INFO CALLING get_circle_area(30)
2023-09-03 14:48:17,421.defensive_math.INFO The circle area is 188.49555921538757
2023-09-03 14:48:17,422.defensive_math.INFO r = 30, area=188.49555921538757
2023-09-03 14:48:17,423.defensive_math.INFO CALLING get_circle_area(45)
2023-09-03 14:48:17,423.defensive_math.INFO The circle area is 282.7433388230814
2023-09-03 14:48:17,425.defensive_math.INFO r = 45, area=282.7433388230814
2023-09-03 14:48:17,425.defensive_math.INFO CALLING get_circle_area(50)
2023-09-03 14:48:17,426.defensive_math.INFO The circle area is 314.1592653589793
2023-09-03 14:48:17,427.defensive_math.INFO r = 50, area=314.1592653589793
2023-09-03 14:48:17,427.defensive_math.INFO 
2023-09-03 14:48:17,428.defensive_math.INFO TRY: Call get_circle_areas_given_list() function with a list that may include BAD values
2023-09-03 14:48:17,428.defensive_math.INFO CALLING get_circle_area([-5, 0, inf, '30'])
2023-09-03 14:48:17,429.defensive_math.INFO CALLING get_circle_area(-5)
2023-09-03 14:48:17,431.defensive_math.INFO The circle area is -31.41592653589793
2023-09-03 14:48:17,433.defensive_math.INFO r = -5, area=-31.41592653589793
2023-09-03 14:48:17,434.defensive_math.INFO CALLING get_circle_area(0)
2023-09-03 14:48:17,435.defensive_math.INFO The circle area is 0.0
2023-09-03 14:48:17,435.defensive_math.INFO r = 0, area=0.0
2023-09-03 14:48:17,436.defensive_math.INFO CALLING get_circle_area(inf)
2023-09-03 14:48:17,437.defensive_math.INFO The circle area is inf
2023-09-03 14:48:17,437.defensive_math.INFO r = inf, area=inf
2023-09-03 14:48:17,438.defensive_math.INFO CALLING get_circle_area(30)
2023-09-03 14:48:17,438.defensive_math.ERROR Error: can't multiply sequence by non-int of type 'float'
2023-09-03 14:48:17,439.defensive_math.INFO r = 30, area=None
